<?xml version="1.0" encoding="UTF-8"?>
<!-- Generated by org.testng.reporters.JUnitXMLReporter -->
<testsuite ignored="0" hostname="LAPTOP-QFO71BU4" failures="1" tests="1" name="Test" time="0.032" errors="0" timestamp="2024-08-15T15:01:21 IST">
  <testcase classname="com.Selenium.WebDriver.ThreadLocalDriver" name="runTest" time="0.0">
    <failure type="org.testng.TestNGException" message="
Parameter &amp;apos;Browser&amp;apos; is required by @Test on method runTest but has not been marked @Optional or defined
in C:\Users\Harshit\eclipse-workspace\WebDriver\testng.xml">
      <![CDATA[org.testng.TestNGException: 
Parameter 'Browser' is required by @Test on method runTest but has not been marked @Optional or defined
in C:\Users\Harshit\eclipse-workspace\WebDriver\testng.xml
at java.base/java.util.ArrayList.forEach(ArrayList.java:1511)
... Removed 26 stack frames]]>
    </failure>
  </testcase> <!-- runTest -->
</testsuite> <!-- Test -->
